<?xml version="1.0" encoding="UTF-8"?>
<!-- Generated by org.testng.reporters.JUnitReportReporter -->
<testsuite hostname="DVYAS" failures="0" tests="1" name="tests.POM_Main1" time="14.072" errors="0" timestamp="2025-07-25T15:00:39 EDT" skipped="0">
  <testcase classname="tests.POM_Main1" name="mainTest" time="14.072"/>
  <system-out/>
</testsuite> <!-- tests.POM_Main1 -->
