<?xml version="1.0" encoding="UTF-8"?>
<!-- Generated by org.testng.reporters.JUnitReportReporter -->
<testsuite hostname="DVYAS" failures="0" tests="3" name="tests.POM_Main1Test" time="31.768" errors="0" timestamp="2025-07-25T16:34:02 EDT" skipped="0">
  <testcase classname="tests.POM_Main1Test" name="mainTest" time="12.655"/>
  <system-out/>
  <testcase classname="tests.POM_Main1Test" name="orderHistoryTest" time="7.090"/>
  <system-out/>
  <testcase classname="tests.POM_Main1Test" name="mainTest" time="12.023"/>
  <system-out/>
</testsuite> <!-- tests.POM_Main1Test -->
