<?xml version="1.0" encoding="UTF-8"?>
<!-- Generated by org.testng.reporters.JUnitReportReporter -->
<testsuite hostname="DVYAS" failures="0" tests="1" name="cucumber.TestRunner" time="7.102" errors="0" timestamp="2025-07-27T14:03:52 EDT" skipped="0">
  <testcase classname="cucumber.TestRunner" name="runScenario" time="7.102"/>
  <system-out/>
</testsuite> <!-- cucumber.TestRunner -->
