<?xml version="1.0" encoding="UTF-8"?>
<!-- Generated by org.testng.reporters.JUnitReportReporter -->
<testsuite hostname="DVYAS" failures="0" tests="2" name="tests.POM_Main2" time="25.163" errors="0" timestamp="2025-07-25T15:00:39 EDT" skipped="0">
  <testcase classname="tests.POM_Main2" name="productErrorValidation" time="19.000"/>
  <system-out/>
  <testcase classname="tests.POM_Main2" name="loginErrorValidation" time="6.163"/>
  <system-out/>
</testsuite> <!-- tests.POM_Main2 -->
